+ SRC_DIR=
+ test -z ''
++ pwd
+ SRC_DIR=/media/stuff/vadim/my/03-personal/LXDE-continued/lxpanel
+ AC_VERSION=
+ AM_VERSION=
+ ACLOCAL_ARG=
+ ACLOCAL_DIR=
+ export AUTOMAKE=automake
+ AUTOMAKE=automake
+ export ACLOCAL=aclocal
+ ACLOCAL=aclocal
+ export AUTOHEADER=autoheader
+ AUTOHEADER=autoheader
+ export AUTOCONF=autoconf
+ AUTOCONF=autoconf
+ export AUTORECONF=autoreconf
+ AUTORECONF=autoreconf
+ export AUTOPOINT=autopoint
+ AUTOPOINT=autopoint
+ export LIBTOOLIZE=libtoolize
+ LIBTOOLIZE=libtoolize
+ export INTLTOOLIZE=intltoolize
+ INTLTOOLIZE=intltoolize
+ export GLIB_GETTEXTIZE=glib-gettextize
+ GLIB_GETTEXTIZE=glib-gettextize
+ export GTKDOCIZE=gtkdocize
+ GTKDOCIZE=gtkdocize
++ uname
+ '[' xLinux = xOpenBSD ']'
++ automake --version
++ sed -e '2,$ d' -e 's/.* \([0-9]*\.[0-9]*\).*/\1/'
+ AM_INSTALLED_VERSION=1.16
+ case "$AM_INSTALLED_VERSION" in
+ echo /media/stuff/vadim/my/03-personal/LXDE-continued/lxpanel
+ grep -E -q '[[:space:]]'
+ cd /media/stuff/vadim/my/03-personal/LXDE-continued/lxpanel
+ ACLOCAL_ARG=' -I m4'
+ test -d m4-sde
+ test -d m4-static
+ '[' x '!=' x ']'
+ grep -q '^ACLOCAL_AMFLAGS' Makefile.am
+ sed -i 's/^ACLOCAL_AMFLAGS[ ]*=.*/ACLOCAL_AMFLAGS =  -I m4/' Makefile.am
+ test -f aclocal.m4
+ test -d m4
+ mkdir m4
+ grep -q '^AM_GNU_GETTEXT' ./configure.ac
+ grep -q '^AM_GLIB_GNU_GETTEXT' ./configure.ac
+ glib-gettextize --version
+ head -1
/usr/bin/glib-gettextize (GNU glib) 2.76.1
+ glib-gettextize --force --copy
Copying file po/Makefile.in.in

Please add the files
  codeset.m4 gettext.m4 glibc21.m4 iconv.m4 isc-posix.m4 lcmessage.m4
  progtest.m4
from the /usr/share/aclocal directory to your autoconf macro directory
or directly to your aclocal.m4 file.
You will also need config.guess and config.sub, which you can get from
ftp://ftp.gnu.org/pub/gnu/config/.

+ grep -q '^GTK_DOC_CHECK' ./configure.ac
+ grep -E -q '^(AC_PROG_INTLTOOL|IT_PROG_INTLTOOL)' ./configure.ac
+ intltoolize --version
+ head -1
intltoolize (GNU intltool) 0.51.0
+ intltoolize --force --copy --automake
+ libtoolize --version
+ head -1
libtoolize (GNU libtool) 2.4.7.4-1ec8f-dirty
+ aclocal --version
+ head -1
aclocal (GNU automake) 1.16.5
+ autoheader --version
+ head -1
autoheader (GNU Autoconf) 2.71
+ automake --version
+ head -1
automake (GNU automake) 1.16.5
+ autoconf --version
+ head -1
autoconf (GNU Autoconf) 2.71
+ libtoolize --force --copy
libtoolize: putting auxiliary files in '.'.
libtoolize: copying file './ltmain.sh'
libtoolize: putting macros in AC_CONFIG_MACRO_DIRS, 'm4'.
libtoolize: copying file 'm4/libtool.m4'
libtoolize: copying file 'm4/ltoptions.m4'
libtoolize: copying file 'm4/ltsugar.m4'
libtoolize: copying file 'm4/ltversion.m4'
libtoolize: copying file 'm4/lt~obsolete.m4'
+ aclocal -I m4
+ autoheader --force
+ automake --add-missing --copy --include-deps
configure.ac:20: installing './ar-lib'
configure.ac:15: installing './compile'
configure.ac:24: installing './config.guess'
configure.ac:24: installing './config.sub'
configure.ac:3: installing './install-sh'
configure.ac:3: installing './missing'
plugins/Makefile.am: installing './depcomp'
+ autoconf
configure.ac:4: warning: The macro `AC_CONFIG_HEADER' is obsolete.
configure.ac:4: You should run autoupdate.
./lib/autoconf/status.m4:719: AC_CONFIG_HEADER is expanded from...
configure.ac:4: the top level
configure.ac:29: warning: The macro `AC_HELP_STRING' is obsolete.
configure.ac:29: You should run autoupdate.
./lib/autoconf/general.m4:204: AC_HELP_STRING is expanded from...
configure.ac:29: the top level
configure.ac:95: warning: The macro `AC_WARN' is obsolete.
configure.ac:95: You should run autoupdate.
./lib/autoconf/oldnames.m4:33: AC_WARN is expanded from...
configure.ac:95: the top level
configure.ac:100: warning: The macro `AC_HELP_STRING' is obsolete.
configure.ac:100: You should run autoupdate.
./lib/autoconf/general.m4:204: AC_HELP_STRING is expanded from...
./lib/autoconf/general.m4:1534: AC_ARG_ENABLE is expanded from...
configure.ac:100: the top level
configure.ac:334: warning: The macro `AC_HEADER_STDC' is obsolete.
configure.ac:334: You should run autoupdate.
./lib/autoconf/headers.m4:704: AC_HEADER_STDC is expanded from...
configure.ac:334: the top level
configure.ac:346: warning: The macro `AC_TYPE_SIGNAL' is obsolete.
configure.ac:346: You should run autoupdate.
./lib/autoconf/types.m4:776: AC_TYPE_SIGNAL is expanded from...
configure.ac:346: the top level
configure.ac:372: warning: The macro `GLIB_GNU_GETTEXT' is obsolete.
configure.ac:372: You should run autoupdate.
aclocal.m4:388: GLIB_GNU_GETTEXT is expanded from...
aclocal.m4:488: AM_GLIB_GNU_GETTEXT is expanded from...
configure.ac:372: the top level
configure.ac:372: warning: The macro `AC_TRY_LINK' is obsolete.
configure.ac:372: You should run autoupdate.
./lib/autoconf/general.m4:2920: AC_TRY_LINK is expanded from...
lib/m4sugar/m4sh.m4:692: _AS_IF_ELSE is expanded from...
lib/m4sugar/m4sh.m4:699: AS_IF is expanded from...
./lib/autoconf/general.m4:2249: AC_CACHE_VAL is expanded from...
./lib/autoconf/general.m4:2270: AC_CACHE_CHECK is expanded from...
aclocal.m4:73: GLIB_LC_MESSAGES is expanded from...
aclocal.m4:388: GLIB_GNU_GETTEXT is expanded from...
aclocal.m4:488: AM_GLIB_GNU_GETTEXT is expanded from...
configure.ac:372: the top level
configure.ac:372: warning: The macro `AC_TRY_LINK' is obsolete.
configure.ac:372: You should run autoupdate.
./lib/autoconf/general.m4:2920: AC_TRY_LINK is expanded from...
lib/m4sugar/m4sh.m4:692: _AS_IF_ELSE is expanded from...
lib/m4sugar/m4sh.m4:699: AS_IF is expanded from...
./lib/autoconf/general.m4:2249: AC_CACHE_VAL is expanded from...
./lib/autoconf/general.m4:2270: AC_CACHE_CHECK is expanded from...
lib/m4sugar/m4sh.m4:699: AS_IF is expanded from...
./lib/autoconf/headers.m4:89: _AC_CHECK_HEADER_COMPILE is expanded from...
./lib/autoconf/headers.m4:56: AC_CHECK_HEADER is expanded from...
aclocal.m4:172: GLIB_WITH_NLS is expanded from...
aclocal.m4:388: GLIB_GNU_GETTEXT is expanded from...
aclocal.m4:488: AM_GLIB_GNU_GETTEXT is expanded from...
configure.ac:372: the top level
configure.ac:372: warning: The macro `AC_TRY_LINK' is obsolete.
configure.ac:372: You should run autoupdate.
./lib/autoconf/general.m4:2920: AC_TRY_LINK is expanded from...
lib/m4sugar/m4sh.m4:699: AS_IF is expanded from...
./lib/autoconf/headers.m4:89: _AC_CHECK_HEADER_COMPILE is expanded from...
./lib/autoconf/headers.m4:56: AC_CHECK_HEADER is expanded from...
aclocal.m4:172: GLIB_WITH_NLS is expanded from...
aclocal.m4:388: GLIB_GNU_GETTEXT is expanded from...
aclocal.m4:488: AM_GLIB_GNU_GETTEXT is expanded from...
configure.ac:372: the top level
configure.ac:372: warning: The macro `AC_OUTPUT_COMMANDS' is obsolete.
configure.ac:372: You should run autoupdate.
./lib/autoconf/status.m4:1025: AC_OUTPUT_COMMANDS is expanded from...
aclocal.m4:172: GLIB_WITH_NLS is expanded from...
aclocal.m4:388: GLIB_GNU_GETTEXT is expanded from...
aclocal.m4:488: AM_GLIB_GNU_GETTEXT is expanded from...
configure.ac:372: the top level
configure.ac:374: warning: The macro `AC_HELP_STRING' is obsolete.
configure.ac:374: You should run autoupdate.
./lib/autoconf/general.m4:204: AC_HELP_STRING is expanded from...
./lib/autoconf/general.m4:1534: AC_ARG_ENABLE is expanded from...
configure.ac:374: the top level
+ rm -rf autom4te.cache
